<?xml version="1.0" encoding="UTF-8" ?>
<testsuites name="vitest tests" tests="63" failures="0" errors="0" time="0.148991457">
    <testsuite name="libs/shared/util/src/lib/auth/msal-config.spec.ts" timestamp="2026-03-30T10:25:51.512Z" hostname="Obiwankenobi.local" tests="4" failures="0" errors="0" skipped="0" time="0.002253875">
        <testcase classname="libs/shared/util/src/lib/auth/msal-config.spec.ts" name="msalInterceptorConfigFactory &gt; should map single API to global scopes" time="0.00100325">
        </testcase>
        <testcase classname="libs/shared/util/src/lib/auth/msal-config.spec.ts" name="msalInterceptorConfigFactory &gt; should map multiple APIs each to their own scopes" time="0.000348708">
        </testcase>
        <testcase classname="libs/shared/util/src/lib/auth/msal-config.spec.ts" name="msalInterceptorConfigFactory &gt; should fall back to global auth scopes when API has no scopes" time="0.000143042">
        </testcase>
        <testcase classname="libs/shared/util/src/lib/auth/msal-config.spec.ts" name="msalInterceptorConfigFactory &gt; should always use Redirect interaction type" time="0.000255416">
        </testcase>
    </testsuite>
    <testsuite name="libs/shared/util/src/lib/confirm/confirm.service.spec.ts" timestamp="2026-03-30T10:25:51.513Z" hostname="Obiwankenobi.local" tests="8" failures="0" errors="0" skipped="0" time="0.0115505">
        <testcase classname="libs/shared/util/src/lib/confirm/confirm.service.spec.ts" name="ConfirmService &gt; should be created" time="0.0061765">
        </testcase>
        <testcase classname="libs/shared/util/src/lib/confirm/confirm.service.spec.ts" name="ConfirmService &gt; should have initial state with visible false" time="0.001309916">
        </testcase>
        <testcase classname="libs/shared/util/src/lib/confirm/confirm.service.spec.ts" name="ConfirmService &gt; should set state to visible with options when confirm is called" time="0.0007325">
        </testcase>
        <testcase classname="libs/shared/util/src/lib/confirm/confirm.service.spec.ts" name="ConfirmService &gt; should resolve promise with true when resolve(true) is called" time="0.000778041">
        </testcase>
        <testcase classname="libs/shared/util/src/lib/confirm/confirm.service.spec.ts" name="ConfirmService &gt; should resolve promise with false when resolve(false) is called" time="0.000566666">
        </testcase>
        <testcase classname="libs/shared/util/src/lib/confirm/confirm.service.spec.ts" name="ConfirmService &gt; should reset state when resolve is called" time="0.000523583">
        </testcase>
        <testcase classname="libs/shared/util/src/lib/confirm/confirm.service.spec.ts" name="ConfirmService &gt; should have undefined confirmLabel and cancelLabel by default" time="0.000440458">
        </testcase>
        <testcase classname="libs/shared/util/src/lib/confirm/confirm.service.spec.ts" name="ConfirmService &gt; should preserve custom labels in options" time="0.00046425">
        </testcase>
    </testsuite>
    <testsuite name="libs/shared/util/src/lib/forms/create-control-value-accessor.spec.ts" timestamp="2026-03-30T10:25:51.513Z" hostname="Obiwankenobi.local" tests="9" failures="0" errors="0" skipped="0" time="0.003661625">
        <testcase classname="libs/shared/util/src/lib/forms/create-control-value-accessor.spec.ts" name="createControlValueAccessor &gt; should set the default value on creation" time="0.000880584">
        </testcase>
        <testcase classname="libs/shared/util/src/lib/forms/create-control-value-accessor.spec.ts" name="createControlValueAccessor &gt; should set disabled to false by default" time="0.0002605">
        </testcase>
        <testcase classname="libs/shared/util/src/lib/forms/create-control-value-accessor.spec.ts" name="createControlValueAccessor &gt; writeValue should set the value signal" time="0.000158042">
        </testcase>
        <testcase classname="libs/shared/util/src/lib/forms/create-control-value-accessor.spec.ts" name="createControlValueAccessor &gt; registerOnChange + emitChange should call the registered onChange function" time="0.000863417">
        </testcase>
        <testcase classname="libs/shared/util/src/lib/forms/create-control-value-accessor.spec.ts" name="createControlValueAccessor &gt; registerOnTouched + markAsTouched should call the registered onTouched function" time="0.000218334">
        </testcase>
        <testcase classname="libs/shared/util/src/lib/forms/create-control-value-accessor.spec.ts" name="createControlValueAccessor &gt; setDisabledState should set the disabled signal" time="0.000070542">
        </testcase>
        <testcase classname="libs/shared/util/src/lib/forms/create-control-value-accessor.spec.ts" name="createControlValueAccessor &gt; emitChange should both update the value signal and call onChange" time="0.000153">
        </testcase>
        <testcase classname="libs/shared/util/src/lib/forms/create-control-value-accessor.spec.ts" name="createControlValueAccessor &gt; emitChange should not throw when no onChange is registered" time="0.000300708">
        </testcase>
        <testcase classname="libs/shared/util/src/lib/forms/create-control-value-accessor.spec.ts" name="createControlValueAccessor &gt; markAsTouched should not throw when no onTouched is registered" time="0.000162542">
        </testcase>
    </testsuite>
    <testsuite name="libs/shared/util/src/lib/http/api.service.spec.ts" timestamp="2026-03-30T10:25:51.514Z" hostname="Obiwankenobi.local" tests="9" failures="0" errors="0" skipped="0" time="0.022865583">
        <testcase classname="libs/shared/util/src/lib/http/api.service.spec.ts" name="ApiService &gt; should use primary baseUrl by default for get" time="0.007781667">
        </testcase>
        <testcase classname="libs/shared/util/src/lib/http/api.service.spec.ts" name="ApiService &gt; should resolve named API key for get" time="0.001329584">
        </testcase>
        <testcase classname="libs/shared/util/src/lib/http/api.service.spec.ts" name="ApiService &gt; should throw for nonexistent API key" time="0.001020583">
        </testcase>
        <testcase classname="libs/shared/util/src/lib/http/api.service.spec.ts" name="ApiService &gt; should use primary baseUrl by default for post" time="0.002990209">
        </testcase>
        <testcase classname="libs/shared/util/src/lib/http/api.service.spec.ts" name="ApiService &gt; should resolve named API key for post" time="0.000996833">
        </testcase>
        <testcase classname="libs/shared/util/src/lib/http/api.service.spec.ts" name="ApiService &gt; should use primary baseUrl by default for put" time="0.000739458">
        </testcase>
        <testcase classname="libs/shared/util/src/lib/http/api.service.spec.ts" name="ApiService &gt; should use primary baseUrl by default for patch" time="0.002298625">
        </testcase>
        <testcase classname="libs/shared/util/src/lib/http/api.service.spec.ts" name="ApiService &gt; should use primary baseUrl by default for delete" time="0.0023975">
        </testcase>
        <testcase classname="libs/shared/util/src/lib/http/api.service.spec.ts" name="ApiService &gt; should resolve named API key for delete" time="0.002485334">
        </testcase>
    </testsuite>
    <testsuite name="libs/shared/util/src/lib/http/error.interceptor.spec.ts" timestamp="2026-03-30T10:25:51.514Z" hostname="Obiwankenobi.local" tests="9" failures="0" errors="0" skipped="0" time="0.018673792">
        <testcase classname="libs/shared/util/src/lib/http/error.interceptor.spec.ts" name="errorInterceptor &gt; should throw ApiValidationError for 400 with array body" time="0.00799525">
        </testcase>
        <testcase classname="libs/shared/util/src/lib/http/error.interceptor.spec.ts" name="errorInterceptor &gt; should throw ApiEmptyResultError for 400 with string body" time="0.001339792">
        </testcase>
        <testcase classname="libs/shared/util/src/lib/http/error.interceptor.spec.ts" name="errorInterceptor &gt; should show warning toast and trigger login for 401 when not authenticated" time="0.001811583">
        </testcase>
        <testcase classname="libs/shared/util/src/lib/http/error.interceptor.spec.ts" name="errorInterceptor &gt; should show warning toast but NOT trigger login for 401 when already authenticated" time="0.001258292">
        </testcase>
        <testcase classname="libs/shared/util/src/lib/http/error.interceptor.spec.ts" name="errorInterceptor &gt; should show error toast for 403" time="0.001014459">
        </testcase>
        <testcase classname="libs/shared/util/src/lib/http/error.interceptor.spec.ts" name="errorInterceptor &gt; should re-throw 404 without toast" time="0.000756459">
        </testcase>
        <testcase classname="libs/shared/util/src/lib/http/error.interceptor.spec.ts" name="errorInterceptor &gt; should track to App Insights and show toast for 500" time="0.001307959">
        </testcase>
        <testcase classname="libs/shared/util/src/lib/http/error.interceptor.spec.ts" name="errorInterceptor &gt; should show network error toast for status 0" time="0.000919125">
        </testcase>
        <testcase classname="libs/shared/util/src/lib/http/error.interceptor.spec.ts" name="errorInterceptor &gt; should track all non-400 errors to App Insights with correlationId" time="0.001628">
        </testcase>
    </testsuite>
    <testsuite name="libs/shared/util/src/lib/http/loading.interceptor.spec.ts" timestamp="2026-03-30T10:25:51.515Z" hostname="Obiwankenobi.local" tests="4" failures="0" errors="0" skipped="0" time="0.01301175">
        <testcase classname="libs/shared/util/src/lib/http/loading.interceptor.spec.ts" name="loadingInterceptor &gt; should call start on request and stop on success" time="0.008445667">
        </testcase>
        <testcase classname="libs/shared/util/src/lib/http/loading.interceptor.spec.ts" name="loadingInterceptor &gt; should call stop on HTTP error via finalize" time="0.001466542">
        </testcase>
        <testcase classname="libs/shared/util/src/lib/http/loading.interceptor.spec.ts" name="loadingInterceptor &gt; should skip loading for X-Silent-Request header" time="0.001129917">
        </testcase>
        <testcase classname="libs/shared/util/src/lib/http/loading.interceptor.spec.ts" name="loadingInterceptor &gt; should strip X-Silent-Request header from outgoing request" time="0.0010315">
        </testcase>
    </testsuite>
    <testsuite name="libs/shared/util/src/lib/routing/aw-title-strategy.spec.ts" timestamp="2026-03-30T10:25:51.515Z" hostname="Obiwankenobi.local" tests="2" failures="0" errors="0" skipped="0" time="0.017197375">
        <testcase classname="libs/shared/util/src/lib/routing/aw-title-strategy.spec.ts" name="AwTitleStrategy &gt; should set title to &quot;{page} | AdventureWorks&quot; when route has a title" time="0.013988">
        </testcase>
        <testcase classname="libs/shared/util/src/lib/routing/aw-title-strategy.spec.ts" name="AwTitleStrategy &gt; should set title to &quot;AdventureWorks&quot; when route has no title" time="0.002372834">
        </testcase>
    </testsuite>
    <testsuite name="libs/shared/util/src/lib/routing/unsaved-changes.guard.spec.ts" timestamp="2026-03-30T10:25:51.515Z" hostname="Obiwankenobi.local" tests="3" failures="0" errors="0" skipped="0" time="0.008904541">
        <testcase classname="libs/shared/util/src/lib/routing/unsaved-changes.guard.spec.ts" name="unsavedChangesGuard &gt; should allow navigation when component has no unsaved changes" time="0.006342209">
        </testcase>
        <testcase classname="libs/shared/util/src/lib/routing/unsaved-changes.guard.spec.ts" name="unsavedChangesGuard &gt; should prompt via ConfirmService when component has unsaved changes" time="0.001354333">
        </testcase>
        <testcase classname="libs/shared/util/src/lib/routing/unsaved-changes.guard.spec.ts" name="unsavedChangesGuard &gt; should block navigation when user cancels the dialog" time="0.000688542">
        </testcase>
    </testsuite>
    <testsuite name="libs/shared/util/src/lib/shared-util/shared-util.spec.ts" timestamp="2026-03-30T10:25:51.515Z" hostname="Obiwankenobi.local" tests="1" failures="0" errors="0" skipped="0" time="0.023926458">
        <testcase classname="libs/shared/util/src/lib/shared-util/shared-util.spec.ts" name="SharedUtilComponent &gt; should create" time="0.022387459">
        </testcase>
    </testsuite>
    <testsuite name="libs/shared/util/src/lib/telemetry/app-insights.service.spec.ts" timestamp="2026-03-30T10:25:51.515Z" hostname="Obiwankenobi.local" tests="14" failures="0" errors="0" skipped="0" time="0.026945958">
        <testcase classname="libs/shared/util/src/lib/telemetry/app-insights.service.spec.ts" name="AppInsightsService &gt; initialize() &gt; does not load SDK when connection string is absent" time="0.008354958">
        </testcase>
        <testcase classname="libs/shared/util/src/lib/telemetry/app-insights.service.spec.ts" name="AppInsightsService &gt; initialize() &gt; does not load SDK when connection string is a placeholder" time="0.001440292">
        </testcase>
        <testcase classname="libs/shared/util/src/lib/telemetry/app-insights.service.spec.ts" name="AppInsightsService &gt; initialize() &gt; loads the SDK when a valid connection string is provided" time="0.006015542">
        </testcase>
        <testcase classname="libs/shared/util/src/lib/telemetry/app-insights.service.spec.ts" name="AppInsightsService &gt; trackEvent() &gt; queues the event when called before initialize()" time="0.00225425">
        </testcase>
        <testcase classname="libs/shared/util/src/lib/telemetry/app-insights.service.spec.ts" name="AppInsightsService &gt; trackEvent() &gt; forwards the event immediately when called after initialize()" time="0.001161583">
        </testcase>
        <testcase classname="libs/shared/util/src/lib/telemetry/app-insights.service.spec.ts" name="AppInsightsService &gt; trackEvent() &gt; is a no-op when connection string is absent" time="0.000748458">
        </testcase>
        <testcase classname="libs/shared/util/src/lib/telemetry/app-insights.service.spec.ts" name="AppInsightsService &gt; trackException() &gt; queues the exception when called before initialize()" time="0.00080525">
        </testcase>
        <testcase classname="libs/shared/util/src/lib/telemetry/app-insights.service.spec.ts" name="AppInsightsService &gt; trackException() &gt; forwards the exception immediately when called after initialize()" time="0.000705417">
        </testcase>
        <testcase classname="libs/shared/util/src/lib/telemetry/app-insights.service.spec.ts" name="AppInsightsService &gt; trackException() &gt; is a no-op when connection string is absent" time="0.001524334">
        </testcase>
        <testcase classname="libs/shared/util/src/lib/telemetry/app-insights.service.spec.ts" name="AppInsightsService &gt; queue flushing &gt; flushes multiple queued events in order" time="0.000920292">
        </testcase>
        <testcase classname="libs/shared/util/src/lib/telemetry/app-insights.service.spec.ts" name="AppInsightsService &gt; queue flushing &gt; is idempotent — subsequent calls are no-ops" time="0.000538375">
        </testcase>
        <testcase classname="libs/shared/util/src/lib/telemetry/app-insights.service.spec.ts" name="AppInsightsErrorHandler &gt; passes Error instances directly to trackException" time="0.000621792">
        </testcase>
        <testcase classname="libs/shared/util/src/lib/telemetry/app-insights.service.spec.ts" name="AppInsightsErrorHandler &gt; wraps non-Error values in a new Error" time="0.000497541">
        </testcase>
        <testcase classname="libs/shared/util/src/lib/telemetry/app-insights.service.spec.ts" name="AppInsightsErrorHandler &gt; logs the original value via console.error" time="0.000362333">
        </testcase>
    </testsuite>
</testsuites>
